# Tue Nov  1 06:30:08 2016

# RNAup --include_both 
# 18 
# GGGCCGCCGACCCGGCCC
# 18 
# CCCGGCGGUCGGGCCGGG
#     pos      u4S        dG            
       1        NA     0.000  
       2        NA    -0.134  
       3        NA    -0.134  
       4     6.167    -0.134  
       5     6.166    -0.134  
       6     8.799    -1.614  
       7     7.611   -11.998  
       8     6.355   -11.998  
       9     1.739   -11.998  
      10     0.000   -11.998  
      11     0.000   -11.998  
      12     0.001   -11.998  
      13     1.739    -7.290  
      14     6.514    -2.117  
      15     9.173    -2.117  
      16     9.143    -2.117  
      17     7.141    -2.117  
      18     7.141     0.000  
#     pos      u4S            
       1        NA  
       2        NA  
       3        NA  
       4     8.920  
       5     8.931  
       6    10.880  
       7    10.045  
       8     7.422  
       9     4.792  
      10     0.000  
      11     0.000  
      12     0.001  
      13     4.799  
      14     8.687  
      15    11.014  
      16     9.376  
      17     7.176  
      18     7.175  
